c:\users\moham\source\repos\vertexgdp\duelinggame\x64\debug\vc143.pdb
c:\users\moham\source\repos\vertexgdp\duelinggame\x64\debug\vc143.idb
c:\users\moham\source\repos\vertexgdp\duelinggame\x64\debug\player.obj
c:\users\moham\source\repos\vertexgdp\duelinggame\x64\debug\gameloop.obj
c:\users\moham\source\repos\vertexgdp\duelinggame\x64\debug\enemy.obj
c:\users\moham\source\repos\vertexgdp\duelinggame\x64\debug\character.obj
c:\users\moham\source\repos\vertexgdp\duelinggame\x64\debug\duelinggame.obj
c:\users\moham\source\repos\vertexgdp\duelinggame\x64\debug\duelinggame.ilk
c:\users\moham\source\repos\vertexgdp\x64\debug\duelinggame.pdb
c:\users\moham\source\repos\vertexgdp\duelinggame\x64\debug\duelinggame.tlog\cl.command.1.tlog
c:\users\moham\source\repos\vertexgdp\duelinggame\x64\debug\duelinggame.tlog\cl.items.tlog
c:\users\moham\source\repos\vertexgdp\duelinggame\x64\debug\duelinggame.tlog\cl.read.1.tlog
c:\users\moham\source\repos\vertexgdp\duelinggame\x64\debug\duelinggame.tlog\cl.write.1.tlog
c:\users\moham\source\repos\vertexgdp\duelinggame\x64\debug\duelinggame.tlog\link.53908-cvtres.read.1.tlog
c:\users\moham\source\repos\vertexgdp\duelinggame\x64\debug\duelinggame.tlog\link.53908-cvtres.write.1.tlog
c:\users\moham\source\repos\vertexgdp\duelinggame\x64\debug\duelinggame.tlog\link.53908-rc.read.1.tlog
c:\users\moham\source\repos\vertexgdp\duelinggame\x64\debug\duelinggame.tlog\link.53908-rc.write.1.tlog
c:\users\moham\source\repos\vertexgdp\duelinggame\x64\debug\duelinggame.tlog\link.53908.read.1.tlog
c:\users\moham\source\repos\vertexgdp\duelinggame\x64\debug\duelinggame.tlog\link.53908.read.2.tlog
c:\users\moham\source\repos\vertexgdp\duelinggame\x64\debug\duelinggame.tlog\link.53908.read.3.tlog
c:\users\moham\source\repos\vertexgdp\duelinggame\x64\debug\duelinggame.tlog\link.53908.read.4.tlog
c:\users\moham\source\repos\vertexgdp\duelinggame\x64\debug\duelinggame.tlog\link.53908.read.5.tlog
c:\users\moham\source\repos\vertexgdp\duelinggame\x64\debug\duelinggame.tlog\link.53908.read.6.tlog
c:\users\moham\source\repos\vertexgdp\duelinggame\x64\debug\duelinggame.tlog\link.53908.write.1.tlog
c:\users\moham\source\repos\vertexgdp\duelinggame\x64\debug\duelinggame.tlog\link.command.1.tlog
c:\users\moham\source\repos\vertexgdp\duelinggame\x64\debug\duelinggame.tlog\link.read.1.tlog
c:\users\moham\source\repos\vertexgdp\duelinggame\x64\debug\duelinggame.tlog\link.secondary.1.tlog
c:\users\moham\source\repos\vertexgdp\duelinggame\x64\debug\duelinggame.tlog\link.write.1.tlog
